Arguments: 
  C:\Program Files\nodejs\node.exe C:\Program Files (x86)\Yarn\bin\yarn.js init

PATH: 
  C:\Python310\Scripts\;C:\Python310\;C:\WINDOWS\system32;C:\WINDOWS;C:\WINDOWS\System32\Wbem;C:\WINDOWS\System32\WindowsPowerShell\v1.0\;C:\WINDOWS\System32\OpenSSH\;C:\Program Files\nodejs\;C:\ProgramData\chocolatey\bin;C:\Program Files\Git\cmd;C:\Program Files\OpenJDK\openjdk-11.0.16_8\bin;C:\Program Files (x86)\Yarn\bin\;C:\xampp\php;C:\composer;C:\Program Files (x86)\Intel\Intel(R) Management Engine Components\DAL;C:\Program Files\Intel\Intel(R) Management Engine Components\DAL;C:\Users\physi\AppData\Local\Programs\Python\Python37-32\Scripts\;C:\Users\physi\AppData\Local\Programs\Python\Python37-32\;C:\Users\physi\AppData\Local\Microsoft\WindowsApps;C:\Users\physi\AppData\Roaming\npm;C:\Users\physi\AppData\Local\Yarn\bin;C:\Users\physi\AppData\Roaming\npm\node_modules;C:\Users\physi\AppData\Local\Android\Sdk;C:\Users\physi\AppData\Roaming\npm\node_modules\npm\node_modules;C:\Users\physi\AppData\Local\Android\Sdk\platform-tools;C:\flutter\bin;C:\Users\physi\AppData\Roaming\Composer\vendor\bin;C:\Users\physi\AppData\Local\Programs\Microsoft VS Code\bin

Yarn version: 
  1.22.19

Node version: 
  16.17.0

Platform: 
  win32 x64

Trace: 
  Error: canceled
      at Interface.<anonymous> (C:\Program Files (x86)\Yarn\lib\cli.js:137150:13)
      at Interface.emit (node:events:513:28)
      at Interface._ttyWrite (node:readline:1085:16)
      at ReadStream.onkeypress (node:readline:291:10)
      at ReadStream.emit (node:events:513:28)
      at emitKeys (node:internal/readline/utils:357:14)
      at emitKeys.next (<anonymous>)
      at ReadStream.onData (node:internal/readline/emitKeypressEvents:61:36)
      at ReadStream.emit (node:events:513:28)
      at addChunk (node:internal/streams/readable:315:12)

npm manifest: 
  No manifest

yarn manifest: 
  No manifest

Lockfile: 
  No lockfile
